<?xml version="1.0" encoding="UTF-8"?>
<testng-results skipped="0" failed="0" total="1" passed="1">
  <reporter-output>
  </reporter-output>
  <suite name="Suite" duration-ms="13317" started-at="2018-02-18T14:08:04Z" finished-at="2018-02-18T14:08:17Z">
    <groups>
    </groups>
    <test name="Test" duration-ms="13317" started-at="2018-02-18T14:08:04Z" finished-at="2018-02-18T14:08:17Z">
      <class name="MyMavenProject.MyMavenProjectPractice.JenkinsTestChromeLanuch">
        <test-method status="PASS" signature="verifyTitle()[pri:0, instance:MyMavenProject.MyMavenProjectPractice.JenkinsTestChromeLanuch@7dc7cbad]" name="verifyTitle" duration-ms="13292" started-at="2018-02-18T19:38:04Z" finished-at="2018-02-18T19:38:17Z">
          <reporter-output>
          </reporter-output>
        </test-method> <!-- verifyTitle -->
      </class> <!-- MyMavenProject.MyMavenProjectPractice.JenkinsTestChromeLanuch -->
    </test> <!-- Test -->
  </suite> <!-- Suite -->
</testng-results>
